Using pre-set license
Built from '2021.3/staging' branch; Version is '2021.3.16f1 (4016570cf34f) revision 4200023'; Using compiler version '192829333'; Build Type 'Release'
OS: 'Windows 10  (10.0.19044) 64bit Core' Language: 'de' Physical Memory: 16328 MB
BatchMode: 1, IsHumanControllingUs: 0, StartBugReporterOnCrash: 0, Is64bit: 1, IsPro: 1

COMMAND LINE ARGUMENTS:
C:\Program Files\Unity\Hub\Editor\2021.3.16f1\Editor\Unity.exe
-adb2
-batchMode
-noUpm
-name
AssetImportWorker2
-projectPath
C:/Users/TonzD/Documents/Uni/Semester5/EP/EPWS2223NguyenTretjakovNguyen/BarcodeOwl
-logFile
Logs/AssetImportWorker2.log
-srvPort
64922
Successfully changed project path to: C:/Users/TonzD/Documents/Uni/Semester5/EP/EPWS2223NguyenTretjakovNguyen/BarcodeOwl
C:/Users/TonzD/Documents/Uni/Semester5/EP/EPWS2223NguyenTretjakovNguyen/BarcodeOwl
[UnityMemory] Configuration Parameters - Can be set up in boot.config
    "memorysetup-bucket-allocator-granularity=16"
    "memorysetup-bucket-allocator-bucket-count=8"
    "memorysetup-bucket-allocator-block-size=33554432"
    "memorysetup-bucket-allocator-block-count=8"
    "memorysetup-main-allocator-block-size=16777216"
    "memorysetup-thread-allocator-block-size=16777216"
    "memorysetup-gfx-main-allocator-block-size=16777216"
    "memorysetup-gfx-thread-allocator-block-size=16777216"
    "memorysetup-cache-allocator-block-size=4194304"
    "memorysetup-typetree-allocator-block-size=2097152"
    "memorysetup-profiler-bucket-allocator-granularity=16"
    "memorysetup-profiler-bucket-allocator-bucket-count=8"
    "memorysetup-profiler-bucket-allocator-block-size=33554432"
    "memorysetup-profiler-bucket-allocator-block-count=8"
    "memorysetup-profiler-allocator-block-size=16777216"
    "memorysetup-profiler-editor-allocator-block-size=1048576"
    "memorysetup-temp-allocator-size-main=16777216"
    "memorysetup-job-temp-allocator-block-size=2097152"
    "memorysetup-job-temp-allocator-block-size-background=1048576"
    "memorysetup-job-temp-allocator-reduction-small-platforms=262144"
    "memorysetup-temp-allocator-size-background-worker=32768"
    "memorysetup-temp-allocator-size-job-worker=262144"
    "memorysetup-temp-allocator-size-preload-manager=33554432"
    "memorysetup-temp-allocator-size-nav-mesh-worker=65536"
    "memorysetup-temp-allocator-size-audio-worker=65536"
    "memorysetup-temp-allocator-size-cloud-worker=32768"
    "memorysetup-temp-allocator-size-gi-baking-worker=262144"
    "memorysetup-temp-allocator-size-gfx=262144"
Player connection [5984] Host "[IP] 192.168.178.20 [Port] 0 [Flags] 2 [Guid] 1866647017 [EditorId] 1866647017 [Version] 1048832 [Id] WindowsEditor(7,DESKTOP-SOFF6MN) [Debug] 1 [PackageName] WindowsEditor [ProjectName] Editor" joined multi-casting on [225.0.0.222:54997]...

Player connection [5984] Host "[IP] 192.168.178.20 [Port] 0 [Flags] 2 [Guid] 1866647017 [EditorId] 1866647017 [Version] 1048832 [Id] WindowsEditor(7,DESKTOP-SOFF6MN) [Debug] 1 [PackageName] WindowsEditor [ProjectName] Editor" joined alternative multi-casting on [225.0.0.222:34997]...

Refreshing native plugins compatible for Editor in 92.35 ms, found 4 plugins.
Preloading 0 native plugins for Editor in 0.00 ms.
Initialize engine version: 2021.3.16f1 (4016570cf34f)
[Subsystems] Discovering subsystems at path C:/Program Files/Unity/Hub/Editor/2021.3.16f1/Editor/Data/Resources/UnitySubsystems
[Subsystems] Discovering subsystems at path C:/Users/TonzD/Documents/Uni/Semester5/EP/EPWS2223NguyenTretjakovNguyen/BarcodeOwl/Assets
GfxDevice: creating device client; threaded=0; jobified=0
Direct3D:
    Version:  Direct3D 11.0 [level 11.1]
    Renderer: NVIDIA GeForce GTX 1660 Ti (ID=0x2182)
    Vendor:   NVIDIA
    VRAM:     5979 MB
    Driver:   31.0.15.2802
Initialize mono
Mono path[0] = 'C:/Program Files/Unity/Hub/Editor/2021.3.16f1/Editor/Data/Managed'
Mono path[1] = 'C:/Program Files/Unity/Hub/Editor/2021.3.16f1/Editor/Data/MonoBleedingEdge/lib/mono/unityjit-win32'
Mono config path = 'C:/Program Files/Unity/Hub/Editor/2021.3.16f1/Editor/Data/MonoBleedingEdge/etc'
Using monoOptions --debugger-agent=transport=dt_socket,embedding=1,server=y,suspend=n,address=127.0.0.1:56112
Begin MonoManager ReloadAssembly
Registering precompiled unity dll's ...
Register platform support module: C:/Program Files/Unity/Hub/Editor/2021.3.16f1/Editor/Data/PlaybackEngines/WebGLSupport/UnityEditor.WebGL.Extensions.dll
Register platform support module: C:/Program Files/Unity/Hub/Editor/2021.3.16f1/Editor/Data/PlaybackEngines/WindowsStandaloneSupport/UnityEditor.WindowsStandalone.Extensions.dll
Registered in 0.007624 seconds.
Native extension for WindowsStandalone target not found
Native extension for WebGL target not found
Refreshing native plugins compatible for Editor in 96.57 ms, found 4 plugins.
Preloading 0 native plugins for Editor in 0.00 ms.
Mono: successfully reloaded assembly
- Completed reload, in  0.653 seconds
Domain Reload Profiling:
	ReloadAssembly (654ms)
		BeginReloadAssembly (76ms)
			ExecutionOrderSort (0ms)
			DisableScriptedObjects (0ms)
			BackupInstance (0ms)
			ReleaseScriptingObjects (0ms)
			CreateAndSetChildDomain (1ms)
		EndReloadAssembly (464ms)
			LoadAssemblies (74ms)
			RebuildTransferFunctionScriptingTraits (0ms)
			SetupTypeCache (103ms)
			ReleaseScriptCaches (0ms)
			RebuildScriptCaches (29ms)
			SetupLoadedEditorAssemblies (279ms)
				LogAssemblyErrors (0ms)
				InitializePlatformSupportModulesInManaged (10ms)
				SetLoadedEditorAssemblies (0ms)
				RefreshPlugins (97ms)
				BeforeProcessingInitializeOnLoad (1ms)
				ProcessInitializeOnLoadAttributes (130ms)
				ProcessInitializeOnLoadMethodAttributes (42ms)
				AfterProcessingInitializeOnLoad (0ms)
				EditorAssembliesLoaded (0ms)
			ExecutionOrderSort2 (0ms)
			AwakeInstancesAfterBackupRestoration (0ms)
Platform modules already initialized, skipping
Registering precompiled user dll's ...
Registered in 0.011055 seconds.
Begin MonoManager ReloadAssembly
Symbol file LoadedFromMemory doesn't match image C:\Users\TonzD\Documents\Uni\Semester5\EP\EPWS2223NguyenTretjakovNguyen\BarcodeOwl\Library\PackageCache\com.unity.visualscripting@1.7.8\Editor\VisualScripting.Core\Dependencies\YamlDotNet\Unity.VisualScripting.YamlDotNet.dll
Symbol file LoadedFromMemory doesn't match image C:\Users\TonzD\Documents\Uni\Semester5\EP\EPWS2223NguyenTretjakovNguyen\BarcodeOwl\Library\PackageCache\com.unity.visualscripting@1.7.8\Editor\VisualScripting.Core\Dependencies\DotNetZip\Unity.VisualScripting.IonicZip.dll
Native extension for WindowsStandalone target not found
Native extension for WebGL target not found
Refreshing native plugins compatible for Editor in 92.66 ms, found 4 plugins.
Preloading 0 native plugins for Editor in 0.00 ms.
Mono: successfully reloaded assembly
- Completed reload, in  1.202 seconds
Domain Reload Profiling:
	ReloadAssembly (1203ms)
		BeginReloadAssembly (114ms)
			ExecutionOrderSort (0ms)
			DisableScriptedObjects (6ms)
			BackupInstance (0ms)
			ReleaseScriptingObjects (0ms)
			CreateAndSetChildDomain (23ms)
		EndReloadAssembly (969ms)
			LoadAssemblies (102ms)
			RebuildTransferFunctionScriptingTraits (0ms)
			SetupTypeCache (254ms)
			ReleaseScriptCaches (1ms)
			RebuildScriptCaches (71ms)
			SetupLoadedEditorAssemblies (486ms)
				LogAssemblyErrors (0ms)
				InitializePlatformSupportModulesInManaged (10ms)
				SetLoadedEditorAssemblies (0ms)
				RefreshPlugins (93ms)
				BeforeProcessingInitializeOnLoad (106ms)
				ProcessInitializeOnLoadAttributes (227ms)
				ProcessInitializeOnLoadMethodAttributes (42ms)
				AfterProcessingInitializeOnLoad (8ms)
				EditorAssembliesLoaded (0ms)
			ExecutionOrderSort2 (0ms)
			AwakeInstancesAfterBackupRestoration (6ms)
Platform modules already initialized, skipping
========================================================================
Worker process is ready to serve import requests
Launched and connected shader compiler UnityShaderCompiler.exe after 0.06 seconds
Refreshing native plugins compatible for Editor in 1.17 ms, found 4 plugins.
Preloading 0 native plugins for Editor in 0.00 ms.
Unloading 4091 Unused Serialized files (Serialized files now loaded: 0)
Unloading 45 unused Assets / (229.0 KB). Loaded Objects now: 4541.
Memory consumption went from 155.1 MB to 154.9 MB.
Total: 4.247400 ms (FindLiveObjects: 0.420300 ms CreateObjectMapping: 0.113800 ms MarkObjects: 3.503500 ms  DeleteObjects: 0.208200 ms)

AssetImportParameters requested are different than current active one (requested -> active):
  custom:video-decoder-ogg-theora: a1e56fd34408186e4bbccfd4996cb3dc -> 
  custom:container-muxer-webm: aa71ff27fc2769a1b78a27578f13a17b -> 
  custom:container-demuxer-webm: 4f35f7cbe854078d1ac9338744f61a02 -> 
  custom:video-encoder-webm-vp8: eb34c28f22e8b96e1ab97ce403110664 -> 
  custom:video-codec-MediaFoundation-h265: 746d11721c4dcdbdad8f713fa42b33f4 -> 
  custom:audio-encoder-webm-vorbis: bf7c407c2cedff20999df2af8eb42d56 -> 
  custom:framework-win-MediaFoundation: 216162199b28c13a410421893ffa2e32 -> 
  custom:container-demuxer-ogg: 62fdf1f143b41e24485cea50d1cbac27 -> 
  custom:video-decoder-webm-vp8: 9c59270c3fd7afecdb556c50c9e8de78 -> 
  custom:audio-decoder-ogg-vorbis: bf7c407c2cedff20999df2af8eb42d56 -> 
========================================================================
Received Import Request.
  Time since last request: 5269.445858 seconds.
  path: Assets/TextMesh Pro/Fonts/UbuntuFont/Ubuntu-Regular SDF.asset
  artifactKey: Guid(a5ad48f379d5c1e4eb0b5d60999600e7) Importer(815301076,1909f56bfc062723c751e8b465ee728b)
Start importing Assets/TextMesh Pro/Fonts/UbuntuFont/Ubuntu-Regular SDF.asset using Guid(a5ad48f379d5c1e4eb0b5d60999600e7) Importer(815301076,1909f56bfc062723c751e8b465ee728b)  -> (artifact id: '8e69e1369e4f026d37fee83a5afdd207') in 0.165878 seconds 
========================================================================
Received Import Request.
  Time since last request: 100.729973 seconds.
  path: Assets/TextMesh Pro/Fonts/UbuntuFont/Ubuntu-Medium SDF.asset
  artifactKey: Guid(9981390b619858846a5b21f78cb1d63e) Importer(815301076,1909f56bfc062723c751e8b465ee728b)
Start importing Assets/TextMesh Pro/Fonts/UbuntuFont/Ubuntu-Medium SDF.asset using Guid(9981390b619858846a5b21f78cb1d63e) Importer(815301076,1909f56bfc062723c751e8b465ee728b)  -> (artifact id: '4bbcf60b66a88e94f592ffb863718501') in 0.028484 seconds 
========================================================================
Received Import Request.
  Time since last request: 122.135732 seconds.
  path: Assets/Textures/Baumstamm.png
  artifactKey: Guid(85e180206b85fb947b110c0be1c5d35b) Importer(815301076,1909f56bfc062723c751e8b465ee728b)
Start importing Assets/Textures/Baumstamm.png using Guid(85e180206b85fb947b110c0be1c5d35b) Importer(815301076,1909f56bfc062723c751e8b465ee728b)  -> (artifact id: '4a9ee0a161a0402fbf61b81e1d2e5d69') in 0.121602 seconds 
========================================================================
Received Import Request.
  Time since last request: 0.000049 seconds.
  path: Assets/Textures/Hintergrund.png
  artifactKey: Guid(542475620a205a14997fa7e4792775e7) Importer(815301076,1909f56bfc062723c751e8b465ee728b)
Start importing Assets/Textures/Hintergrund.png using Guid(542475620a205a14997fa7e4792775e7) Importer(815301076,1909f56bfc062723c751e8b465ee728b)  -> (artifact id: '7e8f8968cebfbb2b357785ec2148aa9f') in 0.210975 seconds 
========================================================================
Received Import Request.
  Time since last request: 0.996955 seconds.
  path: Assets/Textures/UI-Elemente
  artifactKey: Guid(3007baad336007c4aab92fe539ac9ef5) Importer(815301076,1909f56bfc062723c751e8b465ee728b)
Start importing Assets/Textures/UI-Elemente using Guid(3007baad336007c4aab92fe539ac9ef5) Importer(815301076,1909f56bfc062723c751e8b465ee728b)  -> (artifact id: '399436ebc41a7a30aa75fd95112b56da') in 0.003262 seconds 
========================================================================
Received Import Request.
  Time since last request: 0.038916 seconds.
  path: Assets/Textures/UI-Elemente/Anmelden.png
  artifactKey: Guid(4d06ecc7f870f6c40872bd2512f2e0a9) Importer(815301076,1909f56bfc062723c751e8b465ee728b)
Start importing Assets/Textures/UI-Elemente/Anmelden.png using Guid(4d06ecc7f870f6c40872bd2512f2e0a9) Importer(815301076,1909f56bfc062723c751e8b465ee728b)  -> (artifact id: '207560fd604f40284d640889eaa2a9e5') in 0.062560 seconds 
========================================================================
Received Import Request.
  Time since last request: 0.000040 seconds.
  path: Assets/Textures/UI-Elemente/Fee.png
  artifactKey: Guid(a0811dbb6c11cba4eb055ebd3b1cd0e7) Importer(815301076,1909f56bfc062723c751e8b465ee728b)
Start importing Assets/Textures/UI-Elemente/Fee.png using Guid(a0811dbb6c11cba4eb055ebd3b1cd0e7) Importer(815301076,1909f56bfc062723c751e8b465ee728b)  -> (artifact id: 'b99638d6fa01887cffaa2f720750cca9') in 0.041895 seconds 
========================================================================
Received Import Request.
  Time since last request: 0.000029 seconds.
  path: Assets/Textures/UI-Elemente/Button-4.png
  artifactKey: Guid(d629487f27726544fa6778bd667f3689) Importer(815301076,1909f56bfc062723c751e8b465ee728b)
Start importing Assets/Textures/UI-Elemente/Button-4.png using Guid(d629487f27726544fa6778bd667f3689) Importer(815301076,1909f56bfc062723c751e8b465ee728b)  -> (artifact id: 'e4a81124d5ed3625f0cb5cb23d6b2daf') in 0.050348 seconds 
========================================================================
Received Import Request.
  Time since last request: 0.000027 seconds.
  path: Assets/Textures/UI-Elemente/Registrieren.png
  artifactKey: Guid(7096e546427ce0443b75e8092b3d0e06) Importer(815301076,1909f56bfc062723c751e8b465ee728b)
Start importing Assets/Textures/UI-Elemente/Registrieren.png using Guid(7096e546427ce0443b75e8092b3d0e06) Importer(815301076,1909f56bfc062723c751e8b465ee728b)  -> (artifact id: '882ed16cdacb50a4c1b1bd7e9f3a9e65') in 0.034064 seconds 
========================================================================
Received Import Request.
  Time since last request: 0.000041 seconds.
  path: Assets/Textures/UI-Elemente/Dialog.png
  artifactKey: Guid(92982de10e067d14fb7d8e03caff0933) Importer(815301076,1909f56bfc062723c751e8b465ee728b)
Start importing Assets/Textures/UI-Elemente/Dialog.png using Guid(92982de10e067d14fb7d8e03caff0933) Importer(815301076,1909f56bfc062723c751e8b465ee728b)  -> (artifact id: '4148e98f32cf6905c4e28bfc754821f2') in 0.026825 seconds 
========================================================================
Received Import Request.
  Time since last request: 0.000070 seconds.
  path: Assets/Textures/UI-Elemente/Button-2.png
  artifactKey: Guid(0539c0f0c4e73b94089a89712bc6baa3) Importer(815301076,1909f56bfc062723c751e8b465ee728b)
Start importing Assets/Textures/UI-Elemente/Button-2.png using Guid(0539c0f0c4e73b94089a89712bc6baa3) Importer(815301076,1909f56bfc062723c751e8b465ee728b)  -> (artifact id: '4313425df8a162f89c8feca21ff2dc39') in 0.022779 seconds 
========================================================================
Received Import Request.
  Time since last request: 0.000028 seconds.
  path: Assets/Textures/UI-Elemente/Suche.png
  artifactKey: Guid(c6e45c1a38469d042b09f1ebb08562d8) Importer(815301076,1909f56bfc062723c751e8b465ee728b)
Start importing Assets/Textures/UI-Elemente/Suche.png using Guid(c6e45c1a38469d042b09f1ebb08562d8) Importer(815301076,1909f56bfc062723c751e8b465ee728b)  -> (artifact id: 'a9ffa57888860a9602f7952ab8bcf76f') in 0.019567 seconds 
========================================================================
Received Import Request.
  Time since last request: 0.000026 seconds.
  path: Assets/Textures/UI-Elemente/Spiel.png
  artifactKey: Guid(2aee64b7a97b7f743b914d2999badbc0) Importer(815301076,1909f56bfc062723c751e8b465ee728b)
Start importing Assets/Textures/UI-Elemente/Spiel.png using Guid(2aee64b7a97b7f743b914d2999badbc0) Importer(815301076,1909f56bfc062723c751e8b465ee728b)  -> (artifact id: 'eb3b07ccefb1b2bed4fdbd8f3bee6068') in 0.017923 seconds 
========================================================================
Received Import Request.
  Time since last request: 0.000034 seconds.
  path: Assets/Textures/UI-Elemente/Rechteck 29.png
  artifactKey: Guid(309b568a74724284eb6d91b45148a039) Importer(815301076,1909f56bfc062723c751e8b465ee728b)
Start importing Assets/Textures/UI-Elemente/Rechteck 29.png using Guid(309b568a74724284eb6d91b45148a039) Importer(815301076,1909f56bfc062723c751e8b465ee728b)  -> (artifact id: '2692f97e1659cedfe7f053338a6bdd3a') in 0.076543 seconds 
========================================================================
Received Import Request.
  Time since last request: 0.000033 seconds.
  path: Assets/Textures/UI-Elemente/Energie.png
  artifactKey: Guid(9a0374d4edd121a408da65938ae730b3) Importer(815301076,1909f56bfc062723c751e8b465ee728b)
Start importing Assets/Textures/UI-Elemente/Energie.png using Guid(9a0374d4edd121a408da65938ae730b3) Importer(815301076,1909f56bfc062723c751e8b465ee728b)  -> (artifact id: '4455a2b735433a4e513405844885c01a') in 0.016833 seconds 
========================================================================
Received Import Request.
  Time since last request: 0.000051 seconds.
  path: Assets/Textures/UI-Elemente/Overlay.png
  artifactKey: Guid(9e93c08cc0b244744a884b271cb2f31d) Importer(815301076,1909f56bfc062723c751e8b465ee728b)
Start importing Assets/Textures/UI-Elemente/Overlay.png using Guid(9e93c08cc0b244744a884b271cb2f31d) Importer(815301076,1909f56bfc062723c751e8b465ee728b)  -> (artifact id: '0e788a340e98887699ef7699f22fbd83') in 0.147912 seconds 
========================================================================
Received Import Request.
  Time since last request: 0.000030 seconds.
  path: Assets/Textures/UI-Elemente/Zurück (2).png
  artifactKey: Guid(3b4cd84d14286b644bfb1e4e5dc39287) Importer(815301076,1909f56bfc062723c751e8b465ee728b)
Start importing Assets/Textures/UI-Elemente/Zurück (2).png using Guid(3b4cd84d14286b644bfb1e4e5dc39287) Importer(815301076,1909f56bfc062723c751e8b465ee728b)  -> (artifact id: 'fa6ef1ef359547891c49148ef0b2873f') in 0.015724 seconds 
========================================================================
Received Import Request.
  Time since last request: 0.000020 seconds.
  path: Assets/Textures/UI-Elemente/Dialog-1.png
  artifactKey: Guid(50f1dbb5c6237074ebba56db9ee3d228) Importer(815301076,1909f56bfc062723c751e8b465ee728b)
Start importing Assets/Textures/UI-Elemente/Dialog-1.png using Guid(50f1dbb5c6237074ebba56db9ee3d228) Importer(815301076,1909f56bfc062723c751e8b465ee728b)  -> (artifact id: 'f69bfdb5b72086a85c1cef28e1b43c82') in 0.046574 seconds 
Editor requested this worker to shutdown with reason: Scaling down because of idle timeout
AssetImportWorker is now disconnected from the server
Process exiting
Exiting without the bug reporter. Application will terminate with return code 0