Unity Editor version:    2021.3.16f1 (4016570cf34f)
Branch:                  2021.3/staging
Build type:              Release
Batch mode:              YES
macOS version:           Version 13.2.1 (Build 22D68)
Darwin version:          22.3.0
Architecture:            x86_64
Running under Rosetta:   NO
Available memory:        40960 MB
Using pre-set license
Pro License: YES

COMMAND LINE ARGUMENTS:
/Applications/Unity/Hub/Editor/2021.3.16f1/Unity.app/Contents/MacOS/Unity
-adb2
-batchMode
-noUpm
-name
AssetImportWorker1
-projectPath
/Users/trangnguyen/Trangs iMac/GitHub/EPWS2223NguyenTretjakovNguyen/BarcodeOwl
-logFile
Logs/AssetImportWorker1.log
-srvPort
57337
Successfully changed project path to: /Users/trangnguyen/Trangs iMac/GitHub/EPWS2223NguyenTretjakovNguyen/BarcodeOwl
/Users/trangnguyen/Trangs iMac/GitHub/EPWS2223NguyenTretjakovNguyen/BarcodeOwl
[UnityMemory] Configuration Parameters - Can be set up in boot.config
    "memorysetup-bucket-allocator-granularity=16"
    "memorysetup-bucket-allocator-bucket-count=8"
    "memorysetup-bucket-allocator-block-size=33554432"
    "memorysetup-bucket-allocator-block-count=8"
    "memorysetup-main-allocator-block-size=16777216"
    "memorysetup-thread-allocator-block-size=16777216"
    "memorysetup-gfx-main-allocator-block-size=16777216"
    "memorysetup-gfx-thread-allocator-block-size=16777216"
    "memorysetup-cache-allocator-block-size=4194304"
    "memorysetup-typetree-allocator-block-size=2097152"
    "memorysetup-profiler-bucket-allocator-granularity=16"
    "memorysetup-profiler-bucket-allocator-bucket-count=8"
    "memorysetup-profiler-bucket-allocator-block-size=33554432"
    "memorysetup-profiler-bucket-allocator-block-count=8"
    "memorysetup-profiler-allocator-block-size=16777216"
    "memorysetup-profiler-editor-allocator-block-size=1048576"
    "memorysetup-temp-allocator-size-main=16777216"
    "memorysetup-job-temp-allocator-block-size=2097152"
    "memorysetup-job-temp-allocator-block-size-background=1048576"
    "memorysetup-job-temp-allocator-reduction-small-platforms=262144"
    "memorysetup-temp-allocator-size-background-worker=32768"
    "memorysetup-temp-allocator-size-job-worker=262144"
    "memorysetup-temp-allocator-size-preload-manager=33554432"
    "memorysetup-temp-allocator-size-nav-mesh-worker=65536"
    "memorysetup-temp-allocator-size-audio-worker=65536"
    "memorysetup-temp-allocator-size-cloud-worker=32768"
    "memorysetup-temp-allocator-size-gi-baking-worker=262144"
    "memorysetup-temp-allocator-size-gfx=262144"
Player connection [140704608589440] Host "[IP] 192.168.2.36 [Port] 0 [Flags] 2 [Guid] 3518484877 [EditorId] 3518484877 [Version] 1048832 [Id] OSXEditor(0,Trangs-iMac) [Debug] 1 [PackageName] OSXEditor [ProjectName] Editor" joined multi-casting on [225.0.0.222:54997]...

Player connection [140704608589440] Host "[IP] 192.168.2.36 [Port] 0 [Flags] 2 [Guid] 3518484877 [EditorId] 3518484877 [Version] 1048832 [Id] OSXEditor(0,Trangs-iMac) [Debug] 1 [PackageName] OSXEditor [ProjectName] Editor" joined alternative multi-casting on [225.0.0.222:34997]...

Refreshing native plugins compatible for Editor in 111.41 ms, found 3 plugins.
Preloading 0 native plugins for Editor in 0.00 ms.
Initialize engine version: 2021.3.16f1 (4016570cf34f)
[Subsystems] Discovering subsystems at path /Applications/Unity/Hub/Editor/2021.3.16f1/Unity.app/Contents/Resources/UnitySubsystems
[Subsystems] Discovering subsystems at path /Users/trangnguyen/Trangs iMac/GitHub/EPWS2223NguyenTretjakovNguyen/BarcodeOwl/Assets
GfxDevice: creating device client; threaded=0; jobified=0
iMac preferred device: AMD Radeon Pro 5500 XT (high power)
Metal devices available: 1
0: AMD Radeon Pro 5500 XT (high power)
Using device AMD Radeon Pro 5500 XT (high power)
Initializing Metal device caps: AMD Radeon Pro 5500 XT
Initialize mono
Mono path[0] = '/Applications/Unity/Hub/Editor/2021.3.16f1/Unity.app/Contents/Managed'
Mono path[1] = '/Applications/Unity/Hub/Editor/2021.3.16f1/Unity.app/Contents/MonoBleedingEdge/lib/mono/unityjit-macos'
Mono config path = '/Applications/Unity/Hub/Editor/2021.3.16f1/Unity.app/Contents/MonoBleedingEdge/etc'
Using monoOptions --debugger-agent=transport=dt_socket,embedding=1,server=y,suspend=n,address=127.0.0.1:56089
Begin MonoManager ReloadAssembly
Registering precompiled unity dll's ...
Register platform support module: /Applications/Unity/Hub/Editor/2021.3.16f1/PlaybackEngines/WebGLSupport/UnityEditor.WebGL.Extensions.dll
Register platform support module: /Applications/Unity/Hub/Editor/2021.3.16f1/Unity.app/Contents/PlaybackEngines/MacStandaloneSupport/UnityEditor.OSXStandalone.Extensions.dll
Registered in 0.001528 seconds.
Native extension for OSXStandalone target not found
Native extension for WebGL target not found
Refreshing native plugins compatible for Editor in 113.39 ms, found 3 plugins.
Preloading 0 native plugins for Editor in 0.00 ms.
Mono: successfully reloaded assembly
- Completed reload, in  0.963 seconds
Domain Reload Profiling:
	ReloadAssembly (964ms)
		BeginReloadAssembly (81ms)
			ExecutionOrderSort (0ms)
			DisableScriptedObjects (0ms)
			BackupInstance (0ms)
			ReleaseScriptingObjects (0ms)
			CreateAndSetChildDomain (1ms)
		EndReloadAssembly (726ms)
			LoadAssemblies (81ms)
			RebuildTransferFunctionScriptingTraits (0ms)
			SetupTypeCache (179ms)
			ReleaseScriptCaches (0ms)
			RebuildScriptCaches (48ms)
			SetupLoadedEditorAssemblies (431ms)
				LogAssemblyErrors (0ms)
				InitializePlatformSupportModulesInManaged (7ms)
				SetLoadedEditorAssemblies (0ms)
				RefreshPlugins (113ms)
				BeforeProcessingInitializeOnLoad (1ms)
				ProcessInitializeOnLoadAttributes (248ms)
				ProcessInitializeOnLoadMethodAttributes (61ms)
				AfterProcessingInitializeOnLoad (0ms)
				EditorAssembliesLoaded (0ms)
			ExecutionOrderSort2 (0ms)
			AwakeInstancesAfterBackupRestoration (0ms)
Platform modules already initialized, skipping
Registering precompiled user dll's ...
Registered in 0.003225 seconds.
Begin MonoManager ReloadAssembly
Symbol file LoadedFromMemory doesn't match image /Users/trangnguyen/Trangs iMac/GitHub/EPWS2223NguyenTretjakovNguyen/BarcodeOwl/Library/PackageCache/com.unity.visualscripting@1.7.8/Editor/VisualScripting.Core/Dependencies/YamlDotNet/Unity.VisualScripting.YamlDotNet.dll
Symbol file LoadedFromMemory doesn't match image /Users/trangnguyen/Trangs iMac/GitHub/EPWS2223NguyenTretjakovNguyen/BarcodeOwl/Library/PackageCache/com.unity.visualscripting@1.7.8/Editor/VisualScripting.Core/Dependencies/DotNetZip/Unity.VisualScripting.IonicZip.dll
Native extension for OSXStandalone target not found
Native extension for WebGL target not found
Refreshing native plugins compatible for Editor in 88.44 ms, found 3 plugins.
Preloading 0 native plugins for Editor in 0.00 ms.
Mono: successfully reloaded assembly
- Completed reload, in  1.395 seconds
Domain Reload Profiling:
	ReloadAssembly (1396ms)
		BeginReloadAssembly (125ms)
			ExecutionOrderSort (0ms)
			DisableScriptedObjects (7ms)
			BackupInstance (0ms)
			ReleaseScriptingObjects (0ms)
			CreateAndSetChildDomain (31ms)
		EndReloadAssembly (1140ms)
			LoadAssemblies (121ms)
			RebuildTransferFunctionScriptingTraits (0ms)
			SetupTypeCache (385ms)
			ReleaseScriptCaches (1ms)
			RebuildScriptCaches (86ms)
			SetupLoadedEditorAssemblies (488ms)
				LogAssemblyErrors (0ms)
				InitializePlatformSupportModulesInManaged (3ms)
				SetLoadedEditorAssemblies (0ms)
				RefreshPlugins (88ms)
				BeforeProcessingInitializeOnLoad (84ms)
				ProcessInitializeOnLoadAttributes (265ms)
				ProcessInitializeOnLoadMethodAttributes (45ms)
				AfterProcessingInitializeOnLoad (2ms)
				EditorAssembliesLoaded (0ms)
			ExecutionOrderSort2 (0ms)
			AwakeInstancesAfterBackupRestoration (4ms)
Platform modules already initialized, skipping
========================================================================
Worker process is ready to serve import requests
Launching external process: /Applications/Unity/Hub/Editor/2021.3.16f1/Unity.app/Contents/Tools/UnityShaderCompiler
Launched and connected shader compiler UnityShaderCompiler after 0.07 seconds
Refreshing native plugins compatible for Editor in 0.72 ms, found 3 plugins.
Preloading 0 native plugins for Editor in 0.00 ms.
Unloading 4102 Unused Serialized files (Serialized files now loaded: 0)
Unloading 39 unused Assets / (40.4 KB). Loaded Objects now: 4558.
Memory consumption went from 150.2 MB to 150.1 MB.
Total: 5.476084 ms (FindLiveObjects: 0.492562 ms CreateObjectMapping: 0.732644 ms MarkObjects: 4.138111 ms  DeleteObjects: 0.110971 ms)

AssetImportParameters requested are different than current active one (requested -> active):
  custom:video-decoder-ogg-theora: a1e56fd34408186e4bbccfd4996cb3dc -> 
  custom:container-muxer-webm: aa71ff27fc2769a1b78a27578f13a17b -> 
  custom:container-demuxer-webm: 4f35f7cbe854078d1ac9338744f61a02 -> 
  custom:video-encoder-webm-vp8: eb34c28f22e8b96e1ab97ce403110664 -> 
  custom:framework-osx-AVFoundation: e770b220cccbd017edd2c1fefb359320 -> 
  custom:audio-encoder-webm-vorbis: bf7c407c2cedff20999df2af8eb42d56 -> 
  custom:container-demuxer-ogg: 62fdf1f143b41e24485cea50d1cbac27 -> 
  custom:video-decoder-webm-vp8: 9c59270c3fd7afecdb556c50c9e8de78 -> 
  custom:audio-decoder-ogg-vorbis: bf7c407c2cedff20999df2af8eb42d56 -> 
========================================================================
Received Import Request.
  Time since last request: 40355.891272 seconds.
  path: Assets/Textures/UI-Elements/EcoScore_Durchschnitt.png
  artifactKey: Guid(416b40b151b67614e9064b07bf1763ab) Importer(815301076,1909f56bfc062723c751e8b465ee728b)
Start importing Assets/Textures/UI-Elements/EcoScore_Durchschnitt.png using Guid(416b40b151b67614e9064b07bf1763ab) Importer(815301076,1909f56bfc062723c751e8b465ee728b)  -> (artifact id: '438e887419578e23033a9ddc0a0f9777') in 1.128098 seconds 
========================================================================
Received Import Request.
  Time since last request: 0.000062 seconds.
  path: Assets/Textures/UI-Elements/Score_E.png
  artifactKey: Guid(5d794881885613842802eed071e2aebb) Importer(815301076,1909f56bfc062723c751e8b465ee728b)
Start importing Assets/Textures/UI-Elements/Score_E.png using Guid(5d794881885613842802eed071e2aebb) Importer(815301076,1909f56bfc062723c751e8b465ee728b)  -> (artifact id: '1b156938e1ebaa12adf4165410e076a4') in 0.059420 seconds 
========================================================================
Received Import Request.
  Time since last request: 0.000074 seconds.
  path: Assets/Textures/UI-Elements/Schließen-1.png
  artifactKey: Guid(3be6914070d07584da6e997e47cee806) Importer(815301076,1909f56bfc062723c751e8b465ee728b)
Start importing Assets/Textures/UI-Elements/Schließen-1.png using Guid(3be6914070d07584da6e997e47cee806) Importer(815301076,1909f56bfc062723c751e8b465ee728b)  -> (artifact id: '70186809c66a606b2873f4b0660a0366') in 0.028320 seconds 
========================================================================
Received Import Request.
  Time since last request: 0.000054 seconds.
  path: Assets/Textures/UI-Elements/Schließen-2.png
  artifactKey: Guid(0d83616a6f1d9204caeed8573e90ede5) Importer(815301076,1909f56bfc062723c751e8b465ee728b)
Start importing Assets/Textures/UI-Elements/Schließen-2.png using Guid(0d83616a6f1d9204caeed8573e90ede5) Importer(815301076,1909f56bfc062723c751e8b465ee728b)  -> (artifact id: '13770482a516eabe1c50c999fc07844d') in 0.012885 seconds 
========================================================================
Received Import Request.
  Time since last request: 0.000136 seconds.
  path: Assets/Textures/UI-Elements/Score_A.png
  artifactKey: Guid(b0a7b2b61beb7b343a9947e9aca9a162) Importer(815301076,1909f56bfc062723c751e8b465ee728b)
Start importing Assets/Textures/UI-Elements/Score_A.png using Guid(b0a7b2b61beb7b343a9947e9aca9a162) Importer(815301076,1909f56bfc062723c751e8b465ee728b)  -> (artifact id: '41b000951f08191b9e69ac96a1d46c68') in 0.068487 seconds 
========================================================================
Received Import Request.
  Time since last request: 0.000156 seconds.
  path: Assets/Textures/UI-Elements/Score_B.png
  artifactKey: Guid(df2f96219dc375b41b6531985a0eef52) Importer(815301076,1909f56bfc062723c751e8b465ee728b)
Start importing Assets/Textures/UI-Elements/Score_B.png using Guid(df2f96219dc375b41b6531985a0eef52) Importer(815301076,1909f56bfc062723c751e8b465ee728b)  -> (artifact id: '867f6fef4b21eeaf1c8a9ff7d569a4cb') in 0.069178 seconds 
========================================================================
Received Import Request.
  Time since last request: 0.000148 seconds.
  path: Assets/Textures/UI-Elements/Owl_3.png
  artifactKey: Guid(b9d7429f058a4064aad2b8ea6e5d8307) Importer(815301076,1909f56bfc062723c751e8b465ee728b)
Start importing Assets/Textures/UI-Elements/Owl_3.png using Guid(b9d7429f058a4064aad2b8ea6e5d8307) Importer(815301076,1909f56bfc062723c751e8b465ee728b)  -> (artifact id: 'e97ceaeb51e2eb2b0d040e3728614b7f') in 0.068958 seconds 
========================================================================
Received Import Request.
  Time since last request: 0.000055 seconds.
  path: Assets/Textures/UI-Elements/Scanner.png
  artifactKey: Guid(02e8ab30922dd1f4ca8c6e93322b1c35) Importer(815301076,1909f56bfc062723c751e8b465ee728b)
Start importing Assets/Textures/UI-Elements/Scanner.png using Guid(02e8ab30922dd1f4ca8c6e93322b1c35) Importer(815301076,1909f56bfc062723c751e8b465ee728b)  -> (artifact id: '91ee0fa5fcc1c5fbb725750641fe3ace') in 0.025897 seconds 
========================================================================
Received Import Request.
  Time since last request: 0.000099 seconds.
  path: Assets/Textures/UI-Elements/Owl_2.png
  artifactKey: Guid(3a7000bd1ddfb41d585e99a1647d2a4e) Importer(815301076,1909f56bfc062723c751e8b465ee728b)
Start importing Assets/Textures/UI-Elements/Owl_2.png using Guid(3a7000bd1ddfb41d585e99a1647d2a4e) Importer(815301076,1909f56bfc062723c751e8b465ee728b)  -> (artifact id: 'ae7d1228854aa30e1e3a3c7aaa2f9f6e') in 0.086039 seconds 
========================================================================
Received Import Request.
  Time since last request: 0.000128 seconds.
  path: Assets/Textures/UI-Elements/Status.png
  artifactKey: Guid(cc7f45ddb1d313b48b04bd60a6e6b765) Importer(815301076,1909f56bfc062723c751e8b465ee728b)
Start importing Assets/Textures/UI-Elements/Status.png using Guid(cc7f45ddb1d313b48b04bd60a6e6b765) Importer(815301076,1909f56bfc062723c751e8b465ee728b)  -> (artifact id: 'b96ff857d0e5967ab6d692db863fda99') in 0.024836 seconds 
========================================================================
Received Import Request.
  Time since last request: 0.000084 seconds.
  path: Assets/Textures/UI-Elements/Schließen.png
  artifactKey: Guid(e3b73e3b1f7da1a45a29c4631a072b39) Importer(815301076,1909f56bfc062723c751e8b465ee728b)
Start importing Assets/Textures/UI-Elements/Schließen.png using Guid(e3b73e3b1f7da1a45a29c4631a072b39) Importer(815301076,1909f56bfc062723c751e8b465ee728b)  -> (artifact id: '332722922f0b788a00e11e8b2beeacf1') in 0.021004 seconds 
Editor requested this worker to shutdown with reason: Scaling down because of idle timeout
AssetImportWorker is now disconnected from the server
Process exiting
